Using pre-set license
Built from '2020.3/staging' branch; Version is '2020.3.26f1 (7298b473bc1a) revision 7510196'; Using compiler version '192528614'; Build Type 'Release'
OS: 'Windows 10  (10.0.19044) 64bit CoreSingleLanguage' Language: 'pt' Physical Memory: 8089 MB
BatchMode: 1, IsHumanControllingUs: 0, StartBugReporterOnCrash: 0, Is64bit: 1, IsPro: 0

COMMAND LINE ARGUMENTS:
C:\Program Files\Unity\Hub\Editor\2020.3.26f1\Editor\Unity.exe
-adb2
-batchMode
-noUpm
-name
AssetImportWorker0
-projectPath
C:/Users/Igor/Documents/GitHub/Monster-Chase/Monster Chase
-logFile
Logs/AssetImportWorker0.log
-srvPort
54529
Successfully changed project path to: C:/Users/Igor/Documents/GitHub/Monster-Chase/Monster Chase
C:/Users/Igor/Documents/GitHub/Monster-Chase/Monster Chase
Using Asset Import Pipeline V2.
Refreshing native plugins compatible for Editor in 52.49 ms, found 3 plugins.
Preloading 0 native plugins for Editor in 0.00 ms.
Initialize engine version: 2020.3.26f1 (7298b473bc1a)
[Subsystems] Discovering subsystems at path C:/Program Files/Unity/Hub/Editor/2020.3.26f1/Editor/Data/Resources/UnitySubsystems
[Subsystems] Discovering subsystems at path C:/Users/Igor/Documents/GitHub/Monster-Chase/Monster Chase/Assets
GfxDevice: creating device client; threaded=0
Direct3D:
    Version:  Direct3D 11.0 [level 11.1]
    Renderer: Radeon (TM) 530 (ID=0x6900)
    Vendor:   
    VRAM:     2038 MB
    Driver:   27.20.20903.8001
Initialize mono
Mono path[0] = 'C:/Program Files/Unity/Hub/Editor/2020.3.26f1/Editor/Data/Managed'
Mono path[1] = 'C:/Program Files/Unity/Hub/Editor/2020.3.26f1/Editor/Data/MonoBleedingEdge/lib/mono/unityjit'
Mono config path = 'C:/Program Files/Unity/Hub/Editor/2020.3.26f1/Editor/Data/MonoBleedingEdge/etc'
Using monoOptions --debugger-agent=transport=dt_socket,embedding=1,server=y,suspend=n,address=127.0.0.1:56476
Begin MonoManager ReloadAssembly
Registering precompiled unity dll's ...
Register platform support module: C:/Program Files/Unity/Hub/Editor/2020.3.26f1/Editor/Data/PlaybackEngines/WebGLSupport/UnityEditor.WebGL.Extensions.dll
Register platform support module: C:/Program Files/Unity/Hub/Editor/2020.3.26f1/Editor/Data/PlaybackEngines/WindowsStandaloneSupport/UnityEditor.WindowsStandalone.Extensions.dll
Registered in 0.003606 seconds.
Native extension for WindowsStandalone target not found
Native extension for WebGL target not found
Refreshing native plugins compatible for Editor in 50.30 ms, found 3 plugins.
Preloading 0 native plugins for Editor in 0.00 ms.
Mono: successfully reloaded assembly
- Completed reload, in  0.747 seconds
Domain Reload Profiling:
	ReloadAssembly (747ms)
		BeginReloadAssembly (110ms)
			ExecutionOrderSort (0ms)
			DisableScriptedObjects (0ms)
			BackupInstance (0ms)
			ReleaseScriptingObjects (0ms)
			CreateAndSetChildDomain (1ms)
		EndReloadAssembly (543ms)
			LoadAssemblies (108ms)
			RebuildTransferFunctionScriptingTraits (0ms)
			SetupTypeCache (175ms)
			ReleaseScriptCaches (0ms)
			RebuildScriptCaches (42ms)
			SetupLoadedEditorAssemblies (208ms)
				LogAssemblyErrors (0ms)
				InitializePlatformSupportModulesInManaged (7ms)
				SetLoadedEditorAssemblies (1ms)
				RefreshPlugins (50ms)
				BeforeProcessingInitializeOnLoad (14ms)
				ProcessInitializeOnLoadAttributes (102ms)
				ProcessInitializeOnLoadMethodAttributes (34ms)
				AfterProcessingInitializeOnLoad (0ms)
				EditorAssembliesLoaded (0ms)
			ExecutionOrderSort2 (0ms)
			AwakeInstancesAfterBackupRestoration (0ms)
Platform modules already initialized, skipping
Registering precompiled user dll's ...
Registered in 0.007557 seconds.
Begin MonoManager ReloadAssembly
Native extension for WindowsStandalone target not found
Native extension for WebGL target not found
Refreshing native plugins compatible for Editor in 50.04 ms, found 3 plugins.
Preloading 0 native plugins for Editor in 0.00 ms.
Mono: successfully reloaded assembly
- Completed reload, in  1.409 seconds
Domain Reload Profiling:
	ReloadAssembly (1410ms)
		BeginReloadAssembly (176ms)
			ExecutionOrderSort (0ms)
			DisableScriptedObjects (7ms)
			BackupInstance (0ms)
			ReleaseScriptingObjects (0ms)
			CreateAndSetChildDomain (23ms)
		EndReloadAssembly (1151ms)
			LoadAssemblies (135ms)
			RebuildTransferFunctionScriptingTraits (0ms)
			SetupTypeCache (357ms)
			ReleaseScriptCaches (0ms)
			RebuildScriptCaches (75ms)
			SetupLoadedEditorAssemblies (443ms)
				LogAssemblyErrors (0ms)
				InitializePlatformSupportModulesInManaged (6ms)
				SetLoadedEditorAssemblies (0ms)
				RefreshPlugins (50ms)
				BeforeProcessingInitializeOnLoad (107ms)
				ProcessInitializeOnLoadAttributes (250ms)
				ProcessInitializeOnLoadMethodAttributes (21ms)
				AfterProcessingInitializeOnLoad (9ms)
				EditorAssembliesLoaded (0ms)
			ExecutionOrderSort2 (0ms)
			AwakeInstancesAfterBackupRestoration (8ms)
Platform modules already initialized, skipping
========================================================================
Worker process is ready to serve import requests
Launched and connected shader compiler UnityShaderCompiler.exe after 0.09 seconds
Refreshing native plugins compatible for Editor in 0.52 ms, found 3 plugins.
Preloading 0 native plugins for Editor in 0.00 ms.
Unloading 2197 Unused Serialized files (Serialized files now loaded: 0)
System memory in use before: 95.9 MB.
System memory in use after: 96.0 MB.

Unloading 28 unused Assets to reduce memory usage. Loaded Objects now: 2630.
Total: 3.574600 ms (FindLiveObjects: 0.247100 ms CreateObjectMapping: 0.107300 ms MarkObjects: 3.144900 ms  DeleteObjects: 0.074100 ms)

AssetImportParameters requested are different than current active one (requested -> active):
  custom:framework-win-MediaFoundation: 216162199b28c13a410421893ffa2e32 -> 
  custom:video-decoder-ogg-theora: a1e56fd34408186e4bbccfd4996cb3dc -> 
  custom:container-muxer-webm: aa71ff27fc2769a1b78a27578f13a17b -> 
  custom:container-demuxer-webm: 4f35f7cbe854078d1ac9338744f61a02 -> 
  custom:container-demuxer-ogg: 62fdf1f143b41e24485cea50d1cbac27 -> 
  custom:video-encoder-webm-vp8: eb34c28f22e8b96e1ab97ce403110664 -> 
  custom:video-decoder-webm-vp8: 9c59270c3fd7afecdb556c50c9e8de78 -> 
  custom:audio-decoder-ogg-vorbis: bf7c407c2cedff20999df2af8eb42d56 -> 
  custom:audio-encoder-webm-vorbis: bf7c407c2cedff20999df2af8eb42d56 -> 
========================================================================
Received Import Request.
  path: Assets/Monster Chase Assets/Sprites
  artifactKey: Guid(ccd6f5581a6b9c8409abf6e36a0e425d) Importer(815301076,1909f56bfc062723c751e8b465ee728b)
Start importing Assets/Monster Chase Assets/Sprites using Guid(ccd6f5581a6b9c8409abf6e36a0e425d) Importer(815301076,1909f56bfc062723c751e8b465ee728b)  -> (artifact id: 'da301bb8f8c044b129a8ab8b38300ebc') in 0.007489 seconds 
  Import took 0.012040 seconds .

========================================================================
Received Import Request.
  Time since last request: 0.000312 seconds.
  path: Assets/Monster Chase Assets/Sprites/Player Select.png
  artifactKey: Guid(82b6a652850dd9248950f3770d2e679c) Importer(815301076,1909f56bfc062723c751e8b465ee728b)
Start importing Assets/Monster Chase Assets/Sprites/Player Select.png using Guid(82b6a652850dd9248950f3770d2e679c) Importer(815301076,1909f56bfc062723c751e8b465ee728b)  -> (artifact id: '6b0cbae662510995d87af78c2820764a') in 0.214695 seconds 
  Import took 0.218882 seconds .

========================================================================
Received Import Request.
  Time since last request: 0.000237 seconds.
  path: Assets/Monster Chase Assets/Sprites/Background.jpg
  artifactKey: Guid(aa469e7d825dc95428c71ef7991db032) Importer(815301076,1909f56bfc062723c751e8b465ee728b)
Start importing Assets/Monster Chase Assets/Sprites/Background.jpg using Guid(aa469e7d825dc95428c71ef7991db032) Importer(815301076,1909f56bfc062723c751e8b465ee728b)  -> (artifact id: '175d7cbeb8009c47c1c47a64d8fc3bd4') in 0.028614 seconds 
  Import took 0.035679 seconds .

========================================================================
Received Import Request.
  Time since last request: 0.000328 seconds.
  path: Assets/Monster Chase Assets/Sprites/Moon.png
  artifactKey: Guid(4bdca97e32f707f4091cc295ee847e84) Importer(815301076,1909f56bfc062723c751e8b465ee728b)
Start importing Assets/Monster Chase Assets/Sprites/Moon.png using Guid(4bdca97e32f707f4091cc295ee847e84) Importer(815301076,1909f56bfc062723c751e8b465ee728b)  -> (artifact id: '62cadbe06c899b191d557fd5cfad7a01') in 0.028197 seconds 
  Import took 0.035803 seconds .

========================================================================
Received Import Request.
  Time since last request: 0.000325 seconds.
  path: Assets/Monster Chase Assets/Sprites/Home.png
  artifactKey: Guid(3802958700134b645b4b7a533f201f48) Importer(815301076,1909f56bfc062723c751e8b465ee728b)
Start importing Assets/Monster Chase Assets/Sprites/Home.png using Guid(3802958700134b645b4b7a533f201f48) Importer(815301076,1909f56bfc062723c751e8b465ee728b)  -> (artifact id: 'bc790d2a0437a5652cf277fb45483961') in 0.025750 seconds 
  Import took 0.037289 seconds .

========================================================================
Received Import Request.
  Time since last request: 0.000281 seconds.
  path: Assets/Monster Chase Assets/Sprites/Ground.jpg
  artifactKey: Guid(d38ed7c455b71b74d8eea2d4329d49ae) Importer(815301076,1909f56bfc062723c751e8b465ee728b)
Start importing Assets/Monster Chase Assets/Sprites/Ground.jpg using Guid(d38ed7c455b71b74d8eea2d4329d49ae) Importer(815301076,1909f56bfc062723c751e8b465ee728b)  -> (artifact id: '4c6fefd79bc5e0a77264dacf7e731e21') in 0.032493 seconds 
  Import took 0.039093 seconds .

========================================================================
Received Import Request.
  Time since last request: 0.000276 seconds.
  path: Assets/Monster Chase Assets
  artifactKey: Guid(6568c7267ffaee8439ab847e37f91a36) Importer(815301076,1909f56bfc062723c751e8b465ee728b)
Start importing Assets/Monster Chase Assets using Guid(6568c7267ffaee8439ab847e37f91a36) Importer(815301076,1909f56bfc062723c751e8b465ee728b)  -> (artifact id: '94e6cbbec8e142bc96b6e4c6927d01ba') in 0.008475 seconds 
  Import took 0.015838 seconds .

========================================================================
Received Import Request.
  Time since last request: 0.000478 seconds.
  path: Assets/Monster Chase Assets/Sprites/Enemies.png
  artifactKey: Guid(fbee561acb7781e42b6243606103469a) Importer(815301076,1909f56bfc062723c751e8b465ee728b)
Start importing Assets/Monster Chase Assets/Sprites/Enemies.png using Guid(fbee561acb7781e42b6243606103469a) Importer(815301076,1909f56bfc062723c751e8b465ee728b)  -> (artifact id: '061e509b40c2f768842aa99d4067d018') in 0.040978 seconds 
  Import took 0.052633 seconds .

========================================================================
Received Import Request.
  Time since last request: 0.000316 seconds.
  path: Assets/Monster Chase Assets/Sprites/Players.png
  artifactKey: Guid(adde7a8a1844bb24fb9f7f59c366a145) Importer(815301076,1909f56bfc062723c751e8b465ee728b)
Start importing Assets/Monster Chase Assets/Sprites/Players.png using Guid(adde7a8a1844bb24fb9f7f59c366a145) Importer(815301076,1909f56bfc062723c751e8b465ee728b)  -> (artifact id: '85feb7cf44fe4c7db1f8b0c10f063a23') in 0.090599 seconds 
  Import took 0.096645 seconds .

========================================================================
Received Import Request.
  Time since last request: 0.000230 seconds.
  path: Assets/Monster Chase Assets/Sprites/Restart.png
  artifactKey: Guid(484ebd6beb9c88f458ebd4656383fb58) Importer(815301076,1909f56bfc062723c751e8b465ee728b)
Start importing Assets/Monster Chase Assets/Sprites/Restart.png using Guid(484ebd6beb9c88f458ebd4656383fb58) Importer(815301076,1909f56bfc062723c751e8b465ee728b)  -> (artifact id: '7757f3d41a3202b4ac545753412d836c') in 0.017967 seconds 
  Import took 0.023002 seconds .

AssetImportWorkerClient::OnTransportError - code=2 error=End of file
